====================start post==================== (09:32:33.54 UTC)
0 - 09:32:34.03 UTC - sending field data...
1 - 09:32:34.04 UTC - closed the request stream
2 - 09:32:34.17 UTC - got the response stream
3 - 09:32:34.18 UTC - {"success":true,"name":"Untitled_recovered"}
4 - 09:32:34.52 UTC - sending field data...
5 - 09:32:34.52 UTC - sending file data...
6 - 09:32:34.73 UTC - sending file data 65040/65040 -- 100.000%
7 - 09:32:34.73 UTC - before write: 49
8 - 09:32:34.73 UTC - write done
9 - 09:32:34.73 UTC - file stream closed
10 - 09:32:34.73 UTC - closed the request stream
11 - 09:32:35.43 UTC - got the response stream
12 - 09:32:35.44 UTC - {"success":true,"prototypeId":"LKG466","prototypeUrl":"http://lkg466.axshare.com"}
13 - 09:32:35.49 UTC - sending field data...
14 - 09:32:35.49 UTC - closed the request stream
15 - 09:32:35.59 UTC - got the response stream
16 - 09:32:35.59 UTC - {"Message":"Generating...","Finished":false,"Success":false}
17 - 09:32:36.60 UTC - sending field data...
18 - 09:32:36.61 UTC - closed the request stream
19 - 09:32:36.70 UTC - got the response stream
20 - 09:32:36.70 UTC - {"Message":"Generating...","Finished":false,"Success":false}
21 - 09:32:37.71 UTC - sending field data...
22 - 09:32:37.71 UTC - closed the request stream
23 - 09:32:37.80 UTC - got the response stream
24 - 09:32:37.80 UTC - {"Message":"Generating...","Finished":false,"Success":false}
25 - 09:32:38.81 UTC - sending field data...
26 - 09:32:38.81 UTC - closed the request stream
27 - 09:32:38.92 UTC - got the response stream
28 - 09:32:38.93 UTC - {"Message":"Generating...","Finished":false,"Success":false}
